<?xml version="1.0" encoding="UTF-8"?>
<!-- Generated by org.testng.reporters.JUnitReportReporter -->
<testsuite skipped="0" hostname="Kaluaracchi" name="JayTest2.JayExcercise1" tests="1" failures="0" timestamp="27 Jan 2019 08:18:43 GMT" time="8.592" errors="0">
  <testcase name="testSearch" time="8.592" classname="JayTest2.JayExcercise1"/>
</testsuite> <!-- JayTest2.JayExcercise1 -->
