<?xml version="1.0" encoding="UTF-8"?>
<!-- Generated by org.testng.reporters.JUnitReportReporter -->
<testsuite skipped="0" hostname="Kaluaracchi" name="JayTest2.TestClass3" tests="1" failures="0" timestamp="13 Jan 2019 09:25:29 GMT" time="12.203" errors="0">
  <testcase name="testSearch" time="12.203" classname="JayTest2.TestClass3"/>
</testsuite> <!-- JayTest2.TestClass3 -->
