<?xml version="1.0" encoding="UTF-8"?>
<!-- Generated by org.testng.reporters.JUnitReportReporter -->
<testsuite skipped="0" hostname="Kaluaracchi" name="JayTest2.JayExcercise1" tests="1" failures="0" timestamp="16 Jan 2019 10:57:37 GMT" time="29.001" errors="0">
  <testcase name="testSearch" time="29.001" classname="JayTest2.JayExcercise1"/>
</testsuite> <!-- JayTest2.JayExcercise1 -->
